LEXEME     LINE  TOKEN         VALUE PARENT               IS LEAF?  NODE SYMBOL


_sumN      4     TK_FUNID      ----  function             yes       TK_FUNID
----       ----  ----          ----  otherFunctions       no        <function>
input      4     TK_INPUT      ----  input_par            yes       TK_INPUT
----       ----  ----          ----  function             no        <input_par>
parameter  4     TK_PARAMETER  ----  input_par            yes       TK_PARAMETER
list       4     TK_LIST       ----  input_par            yes       TK_LIST
[          4     TK_SQL        ----  input_par            yes       TK_SQL
int        4     TK_INT        ----  primitiveDatatype    yes       TK_INT
----       ----  ----          ----  dataType             no        <primitiveDatatype>
----       ----  ----          ----  parameter_list       no        <dataType>
----       ----  ----          ----  input_par            no        <parameter_list>
d5cc34     4     TK_ID         ----  parameter_list       yes       TK_ID
----       ----  ----          ----  parameter_list       yes       <remaining_list>
]          4     TK_SQR        ----  input_par            yes       TK_SQR
output     5     TK_OUTPUT     ----  output_par           yes       TK_OUTPUT
----       ----  ----          ----  function             no        <output_par>
parameter  5     TK_PARAMETER  ----  output_par           yes       TK_PARAMETER
list       5     TK_LIST       ----  output_par           yes       TK_LIST
[          5     TK_SQL        ----  output_par           yes       TK_SQL
real       5     TK_REAL       ----  primitiveDatatype    yes       TK_REAL
----       ----  ----          ----  dataType             no        <primitiveDatatype>
----       ----  ----          ----  parameter_list       no        <dataType>
----       ----  ----          ----  output_par           no        <parameter_list>
d3         5     TK_ID         ----  parameter_list       yes       TK_ID
----       ----  ----          ----  parameter_list       yes       <remaining_list>
]          5     TK_SQR        ----  output_par           yes       TK_SQR
;          5     TK_SEM        ----  function             yes       TK_SEM
----       ----  ----          ----  stmts                yes       <typeDefinitions>
----       ----  ----          ----  function             no        <stmts>
type       6     TK_TYPE       ----  declaration          yes       TK_TYPE
----       ----  ----          ----  declarations         no        <declaration>
int        6     TK_INT        ----  primitiveDatatype    yes       TK_INT
----       ----  ----          ----  dataType             no        <primitiveDatatype>
----       ----  ----          ----  declaration          no        <dataType>
:          6     TK_COLON      ----  declaration          yes       TK_COLON
b5b567     6     TK_ID         ----  declaration          yes       TK_ID
----       ----  ----          ----  declaration          yes       <global_or_not>
;          6     TK_SEM        ----  declaration          yes       TK_SEM
----       ----  ----          ----  stmts                no        <declarations>
----       ----  ----          ----  declarations         yes       <declarations>
----       ----  ----          ----  funCallStmt          yes       <outputParameters>
----       ----  ----          ----  stmt                 no        <funCallStmt>
(ERROR)    (ERROR) (ERROR)       ----  funCallStmt          yes       TK_CALL
(ERROR)    (ERROR) (ERROR)       ----  funCallStmt          yes       TK_FUNID
(ERROR)    (ERROR) (ERROR)       ----  funCallStmt          yes       TK_WITH
(ERROR)    (ERROR) (ERROR)       ----  funCallStmt          yes       TK_PARAMETERS
----       ----  ----          ----  funCallStmt          yes       <inputParameters>
;          7     TK_SEM        ----  funCallStmt          yes       TK_SEM
----       ----  ----          ----  otherStmts           no        <stmt>
----       ----  ----          ----  stmts                no        <otherStmts>
----       ----  ----          ----  funCallStmt          yes       <outputParameters>
----       ----  ----          ----  stmt                 no        <funCallStmt>
(ERROR)    (ERROR) (ERROR)       ----  funCallStmt          yes       TK_CALL
(ERROR)    (ERROR) (ERROR)       ----  funCallStmt          yes       TK_FUNID
(ERROR)    (ERROR) (ERROR)       ----  funCallStmt          yes       TK_WITH
(ERROR)    (ERROR) (ERROR)       ----  funCallStmt          yes       TK_PARAMETERS
----       ----  ----          ----  funCallStmt          yes       <inputParameters>
;          8     TK_SEM        ----  funCallStmt          yes       TK_SEM
----       ----  ----          ----  otherStmts           no        <stmt>
----       ----  ----          ----  otherStmts           no        <otherStmts>
----       ----  ----          ----  funCallStmt          yes       <outputParameters>
----       ----  ----          ----  stmt                 no        <funCallStmt>
(ERROR)    (ERROR) (ERROR)       ----  funCallStmt          yes       TK_CALL
(ERROR)    (ERROR) (ERROR)       ----  funCallStmt          yes       TK_FUNID
(ERROR)    (ERROR) (ERROR)       ----  funCallStmt          yes       TK_WITH
(ERROR)    (ERROR) (ERROR)       ----  funCallStmt          yes       TK_PARAMETERS
----       ----  ----          ----  funCallStmt          yes       <inputParameters>
;          10    TK_SEM        ----  funCallStmt          yes       TK_SEM
----       ----  ----          ----  otherStmts           no        <stmt>
----       ----  ----          ----  otherStmts           no        <otherStmts>
----       ----  ----          ----  funCallStmt          yes       <outputParameters>
----       ----  ----          ----  stmt                 no        <funCallStmt>
(ERROR)    (ERROR) (ERROR)       ----  funCallStmt          yes       TK_CALL
(ERROR)    (ERROR) (ERROR)       ----  funCallStmt          yes       TK_FUNID
(ERROR)    (ERROR) (ERROR)       ----  funCallStmt          yes       TK_WITH
(ERROR)    (ERROR) (ERROR)       ----  funCallStmt          yes       TK_PARAMETERS
----       ----  ----          ----  funCallStmt          yes       <inputParameters>
;          11    TK_SEM        ----  funCallStmt          yes       TK_SEM
----       ----  ----          ----  otherStmts           no        <stmt>
----       ----  ----          ----  otherStmts           no        <otherStmts>
----       ----  ----          ----  funCallStmt          yes       <outputParameters>
----       ----  ----          ----  stmt                 no        <funCallStmt>
(ERROR)    (ERROR) (ERROR)       ----  funCallStmt          yes       TK_CALL
(ERROR)    (ERROR) (ERROR)       ----  funCallStmt          yes       TK_FUNID
(ERROR)    (ERROR) (ERROR)       ----  funCallStmt          yes       TK_WITH
(ERROR)    (ERROR) (ERROR)       ----  funCallStmt          yes       TK_PARAMETERS
----       ----  ----          ----  funCallStmt          yes       <inputParameters>
;          12    TK_SEM        ----  funCallStmt          yes       TK_SEM
----       ----  ----          ----  otherStmts           no        <stmt>
----       ----  ----          ----  otherStmts           no        <otherStmts>
----       ----  ----          ----  otherStmts           yes       <otherStmts>
return     14    TK_RETURN     ----  returnStmt           yes       TK_RETURN
----       ----  ----          ----  stmts                no        <returnStmt>
[          14    TK_SQL        ----  optionalReturn       yes       TK_SQL
----       ----  ----          ----  returnStmt           no        <optionalReturn>
d3         14    TK_ID         ----  idList               yes       TK_ID
----       ----  ----          ----  optionalReturn       no        <idList>
----       ----  ----          ----  idList               yes       <more_ids>
]          14    TK_SQR        ----  optionalReturn       yes       TK_SQR
;          14    TK_SEM        ----  returnStmt           yes       TK_SEM
end        15    TK_END        ----  function             yes       TK_END
----       ----  ----          ----  program              no        <otherFunctions>
----       ----  ----          ----  otherFunctions       yes       <otherFunctions>
----       ----  ----          ----  ROOT                 no        <program>
_main      17    TK_MAIN       ----  mainFunction         yes       TK_MAIN
----       ----  ----          ----  program              no        <mainFunction>
----       ----  ----          ----  stmts                yes       <typeDefinitions>
----       ----  ----          ----  mainFunction         no        <stmts>
type       18    TK_TYPE       ----  declaration          yes       TK_TYPE
----       ----  ----          ----  declarations         no        <declaration>
int        18    TK_INT        ----  primitiveDatatype    yes       TK_INT
----       ----  ----          ----  dataType             no        <primitiveDatatype>
----       ----  ----          ----  declaration          no        <dataType>
:          18    TK_COLON      ----  declaration          yes       TK_COLON
b3         18    TK_ID         ----  declaration          yes       TK_ID
----       ----  ----          ----  declaration          yes       <global_or_not>
;          18    TK_SEM        ----  declaration          yes       TK_SEM
----       ----  ----          ----  stmts                no        <declarations>
type       19    TK_TYPE       ----  declaration          yes       TK_TYPE
----       ----  ----          ----  declarations         no        <declaration>
real       19    TK_REAL       ----  primitiveDatatype    yes       TK_REAL
----       ----  ----          ----  dataType             no        <primitiveDatatype>
----       ----  ----          ----  declaration          no        <dataType>
:          19    TK_COLON      ----  declaration          yes       TK_COLON
c4bd56     19    TK_ID         ----  declaration          yes       TK_ID
----       ----  ----          ----  declaration          yes       <global_or_not>
;          19    TK_SEM        ----  declaration          yes       TK_SEM
----       ----  ----          ----  declarations         no        <declarations>
----       ----  ----          ----  declarations         yes       <declarations>
----       ----  ----          ----  funCallStmt          yes       <outputParameters>
----       ----  ----          ----  stmt                 no        <funCallStmt>
(ERROR)    (ERROR) (ERROR)       ----  funCallStmt          yes       TK_CALL
(ERROR)    (ERROR) (ERROR)       ----  funCallStmt          yes       TK_FUNID
(ERROR)    (ERROR) (ERROR)       ----  funCallStmt          yes       TK_WITH
(ERROR)    (ERROR) (ERROR)       ----  funCallStmt          yes       TK_PARAMETERS
----       ----  ----          ----  funCallStmt          yes       <inputParameters>
;          20    TK_SEM        ----  funCallStmt          yes       TK_SEM
----       ----  ----          ----  otherStmts           no        <stmt>
----       ----  ----          ----  stmts                no        <otherStmts>
[          21    TK_SQL        ----  outputParameters     yes       TK_SQL
----       ----  ----          ----  funCallStmt          no        <outputParameters>
c4bd56     21    TK_ID         ----  idList               yes       TK_ID
----       ----  ----          ----  outputParameters     no        <idList>
----       ----  ----          ----  idList               yes       <more_ids>
]          21    TK_SQR        ----  outputParameters     yes       TK_SQR
<---       21    TK_ASSIGNOP   ----  outputParameters     yes       TK_ASSIGNOP
----       ----  ----          ----  stmt                 no        <funCallStmt>
call       21    TK_CALL       ----  funCallStmt          yes       TK_CALL
_sumN      21    TK_FUNID      ----  funCallStmt          yes       TK_FUNID
with       21    TK_WITH       ----  funCallStmt          yes       TK_WITH
parameters 21    TK_PARAMETERS ----  funCallStmt          yes       TK_PARAMETERS
[          21    TK_SQL        ----  inputParameters      yes       TK_SQL
----       ----  ----          ----  funCallStmt          no        <inputParameters>
b3         21    TK_ID         ----  idList               yes       TK_ID
----       ----  ----          ----  inputParameters      no        <idList>
----       ----  ----          ----  idList               yes       <more_ids>
]          21    TK_SQR        ----  inputParameters      yes       TK_SQR
;          21    TK_SEM        ----  funCallStmt          yes       TK_SEM
----       ----  ----          ----  otherStmts           no        <stmt>
----       ----  ----          ----  otherStmts           no        <otherStmts>
----       ----  ----          ----  funCallStmt          yes       <outputParameters>
----       ----  ----          ----  stmt                 no        <funCallStmt>
(ERROR)    (ERROR) (ERROR)       ----  funCallStmt          yes       TK_CALL
(ERROR)    (ERROR) (ERROR)       ----  funCallStmt          yes       TK_FUNID
(ERROR)    (ERROR) (ERROR)       ----  funCallStmt          yes       TK_WITH
(ERROR)    (ERROR) (ERROR)       ----  funCallStmt          yes       TK_PARAMETERS
----       ----  ----          ----  funCallStmt          yes       <inputParameters>
;          22    TK_SEM        ----  funCallStmt          yes       TK_SEM
----       ----  ----          ----  otherStmts           no        <stmt>
----       ----  ----          ----  otherStmts           no        <otherStmts>
----       ----  ----          ----  otherStmts           yes       <otherStmts>
return     23    TK_RETURN     ----  returnStmt           yes       TK_RETURN
----       ----  ----          ----  stmts                no        <returnStmt>
----       ----  ----          ----  returnStmt           yes       <optionalReturn>
;          23    TK_SEM        ----  returnStmt           yes       TK_SEM
end        24    TK_END        ----  mainFunction         yes       TK_END
